IP To Be Traced:52.76.37.94
Tracking down 52.76.37.94...

Tracing route to ec2-52-76-37-94.ap-southeast-1.compute.amazonaws.com [52.76.37.
94]
over a maximum of 30 hops:

  1     1 ms     3 ms     1 ms  192.168.1.1
  2    37 ms    35 ms    35 ms  112.208.0.1.pldt.net [112.208.0.1]
  3    32 ms    33 ms    35 ms  119.93.255.197
  4    41 ms    41 ms    41 ms  210.213.131.70.static.pldt.net [210.213.131.70]
  5   173 ms    33 ms    69 ms  210.213.131.77.static.pldt.net [210.213.131.77]
  6   268 ms   255 ms   232 ms  ix-xe-1-2-3-0.tcore1.SVW-Singapore.as6453.net [180.87.12.65]
  7   284 ms   287 ms   285 ms  180.87.12.26
  8   226 ms   218 ms   220 ms  203.83.223.56
  9   279 ms   244 ms   244 ms  203.83.223.175
 10     *        *        *     Request timed out.
 11     *        *        *     Request timed out.
 12     *        *        *     Request timed out.
