URL 
IP To Be Traced:202.90.154.104
Tracking down 202.90.154.104...

Tracing route to 202.90.154.104 over a maximum of 30 hops

  1    17 ms    19 ms    19 ms  P-2612HWU [192.168.2.1]
  2     *       31 ms    39 ms  122.2.134.169.pldt.net [122.2.134.169]
  3    48 ms    39 ms    39 ms  122.2.175.249.static.pldt.net [122.2.175.249]
  4    37 ms    39 ms    53 ms  210.213.131.70.static.pldt.net [210.213.131.70]
  5    31 ms    89 ms    49 ms  210.213.131.85.static.pldt.net [210.213.131.85]
  6    59 ms    68 ms    69 ms  210.14.2.70
  7   199 ms   199 ms   198 ms  10gigabitethernet5-4.core1.hkg1.he.net [103.247.139.6]
  8   219 ms   219 ms   239 ms  wificity-inc.gigabitethernet4-4.core1.hkg1.he.net [27.50.33.122]
  9    79 ms    69 ms    79 ms  203.82.40.66
 10   155 ms   139 ms    79 ms  xe-1-4.core-6504.pregi.net [202.90.132.166]
 11    71 ms    69 ms    89 ms  202.90.154.104

Trace complete.
