URL ilocossur.gov.ph
IP To Be Traced:96.44.149.210
Tracking down 96.44.149.210...

Tracing route to lax04.web.com.ph [96.44.149.210]
over a maximum of 30 hops:

  1    <1 ms    <1 ms    <1 ms  192.168.1.1
  2    34 ms    55 ms    46 ms  112.208.64.1.pldt.net [112.208.64.1]
  3    32 ms    37 ms    35 ms  119.93.255.193
  4    37 ms    33 ms    34 ms  210.213.131.62.static.pldt.net [210.213.131.62]

  5    31 ms    30 ms    32 ms  210.213.131.85.static.pldt.net [210.213.131.85]

  6   182 ms   184 ms   181 ms  210.14.2.178
  7   186 ms   183 ms   183 ms  quadranet.as8100.any2ix.coresite.com [206.72.210
.159]
  8   183 ms   185 ms   189 ms  colo-lax6.as8100.net [96.44.180.34]
  9   188 ms   235 ms   193 ms  lax04.web.com.ph [96.44.149.210]

Trace complete.
