IP To Be Traced:202.90.154.108
Tracking down 202.90.154.108...

Tracing route to 202.90.154.108 over a maximum of 30 hops

  1    <1 ms    <1 ms    <1 ms  192.168.1.1
  2    40 ms    34 ms    32 ms  112.208.64.1.pldt.net [112.208.64.1]
  3    33 ms    31 ms    36 ms  119.93.255.193
  4    33 ms    33 ms    34 ms  210.213.131.58.static.pldt.net [210.213.131.58]

  5    32 ms    69 ms    39 ms  210.213.131.81.static.pldt.net [210.213.131.81]

  6    62 ms    57 ms   103 ms  210.14.2.70
  7   203 ms   213 ms   213 ms  10gigabitethernet5-4.core1.hkg1.he.net [103.247.
139.6]
  8   279 ms   273 ms   268 ms  wificity-inc.gigabitethernet4-4.core1.hkg1.he.ne
t [27.50.33.122]
  9    70 ms    72 ms    71 ms  203.82.40.66
 10    77 ms    73 ms    77 ms  xe-1-4.core-6504.pregi.net [202.90.132.166]
 11    86 ms    91 ms     *     202.90.154.108
 12    71 ms    71 ms    71 ms  202.90.154.108

Trace complete.
