URL ilocosnorte.gov.ph
IP To Be Traced:181.224.139.16
Tracking down 181.224.139.16...

Tracing route to ip-181-224-139-16.siteground.com [181.224.139.16]
over a maximum of 30 hops:

  1    <1 ms    <1 ms    <1 ms  192.168.1.1
  2    36 ms    37 ms    35 ms  112.208.64.1.pldt.net [112.208.64.1]
  3    35 ms    33 ms    34 ms  119.93.255.197
  4    36 ms    37 ms    35 ms  210.213.131.70.static.pldt.net [210.213.131.70]
  5    67 ms    72 ms    70 ms  122.2.175.26.static.pldt.net [122.2.175.26]
  6    61 ms    58 ms    66 ms  210.213.130.158.static.pldt.net [210.213.130.158]
  7   204 ms   204 ms   207 ms  sea-b1-link.telia.net [80.239.135.33]
  8   237 ms   312 ms   259 ms  chi-b21-link.telia.net [62.115.116.141]
  9   257 ms   269 ms   236 ms  static.kpn.net [62.132.9.222]
 10   236 ms   234 ms   232 ms  128.177.133.154
 11   272 ms   258 ms   241 ms  ip-181-224-139-16.siteground.com [181.224.139.16]

Trace complete.
