IP To Be Traced:173.254.28.107
Tracking down 173.254.28.107...

Tracing route to just107.justhost.com [173.254.28.107]
over a maximum of 30 hops:

  1    <1 ms    <1 ms    <1 ms  192.168.1.1
  2    49 ms    48 ms    49 ms  112.208.64.1.pldt.net [112.208.64.1]
  3    33 ms    31 ms    33 ms  119.93.255.193
  4   127 ms    35 ms    31 ms  210.213.131.62.static.pldt.net [210.213.131.62]

  5    44 ms    32 ms    32 ms  210.213.131.85.static.pldt.net [210.213.131.85]

  6   184 ms   345 ms   184 ms  210.14.2.178
  7   183 ms   185 ms   188 ms  ace-data-centers.as11798.any2ix.coresite.com [20
6.72.210.128]
  8   198 ms   197 ms   198 ms  tg5-3.ar04.prov.acedc.net [199.58.196.105]
  9   222 ms   204 ms   204 ms  prv-211-1-0-1.unifiedlayer.com [69.27.175.137]
 10   203 ms   203 ms   203 ms  162-144-240-163.unifiedlayer.com [162.144.240.16
3]
 11   200 ms   199 ms   200 ms  162-144-240-113.unifiedlayer.com [162.144.240.11
3]
 12   223 ms   217 ms   203 ms  just107.justhost.com [173.254.28.107]

Trace complete.
