URL manila.gov.ph
IP To Be Traced:202.90.154.104
Tracking down 202.90.154.104...

Tracing route to 202.90.154.104 over a maximum of 30 hops

  1    <1 ms    <1 ms    <1 ms  192.168.1.1
  2    33 ms    34 ms    35 ms  112.208.32.1.pldt.net [112.208.32.1]
  3    47 ms    46 ms    47 ms  119.93.255.197
  4    33 ms    31 ms    33 ms  210.213.131.70.static.pldt.net [210.213.131.70]
  5    32 ms    32 ms    31 ms  210.213.131.85.static.pldt.net [210.213.131.85]
  6    57 ms    58 ms    58 ms  210.14.2.70
  7   202 ms   194 ms   195 ms  10gigabitethernet5-4.core1.hkg1.he.net [103.247.139.6]
  8   342 ms   221 ms   222 ms  wificity-inc.gigabitethernet4-6.core1.hkg1.he.net [74.82.46.46]
  9    80 ms    81 ms    81 ms  203.82.40.66
 10    81 ms   110 ms    80 ms  xe-1-4.core-6504.pregi.net [202.90.132.166]
 11    85 ms    79 ms    81 ms  202.90.154.104

Trace complete.
