URL www.pampanga.gov.ph
IP To Be Traced:122.3.151.213
Tracking down 122.3.151.213...

Tracing route to 122.3.151.213.pldt.net [122.3.151.213]
over a maximum of 30 hops:

  1    <1 ms    <1 ms    <1 ms  192.168.1.1
  2    34 ms    32 ms    45 ms  112.208.32.1.pldt.net [112.208.32.1]
  3    33 ms    31 ms    32 ms  119.93.255.193
  4    35 ms    33 ms    32 ms  122.2.135.90.pldt.net [122.2.135.90]
  5     *        *        *     Request timed out.
  6     *        *        *     Request timed out.
  7     *        *        *     Request timed out.
  8     *        *        *     Request timed out.
  9     *        *        *     Request timed out.
 10     *        *        *     Request timed out.
 11     *        *        *     Request timed out.
 12     *        *        *     Request timed out.
 13     *        *        *     Request timed out.
 14     *        *        *     Request timed out.
 15     *        *        *     Request timed out.
 16     *        *        *     Request timed out.
 17     *        *        *     Request timed out.
 18     *        *        *     Request timed out.
 19     *        *        *     Request timed out.
 20     *        *        *     Request timed out.
