URL http://www.tarlaccity.gov.ph/
IP To Be Traced:103.233.38.216
Tracking down 103.233.38.216...

Tracing route to 103.233.38.216 over a maximum of 30 hops

  1    <1 ms    <1 ms    <1 ms  192.168.1.1
  2    34 ms    31 ms    32 ms  112.208.32.1.pldt.net [112.208.32.1]
  3    33 ms    32 ms    31 ms  119.93.255.197
  4    31 ms    32 ms    31 ms  210.213.131.66.static.pldt.net [210.213.131.66]

  5    32 ms    31 ms    32 ms  122.2.175.42.static.pldt.net [122.2.175.42]
  6    68 ms    86 ms   105 ms  210.213.132.33.static.pldt.net [210.213.132.33]

  7    32 ms    33 ms    31 ms  103.233.38.216

Trace complete.
