URL www.zambalesnow.com
IP To Be Traced:58.69.77.85
Tracking down 58.69.77.85...

Tracing route to 58.69.77.85.pldt.net [58.69.77.85]
over a maximum of 30 hops:

  1    <1 ms    <1 ms    <1 ms  192.168.1.1
  2    32 ms    34 ms    33 ms  112.208.32.1.pldt.net [112.208.32.1]
  3    34 ms    33 ms    30 ms  119.93.255.193
  4    33 ms    35 ms    34 ms  210.213.131.62.static.pldt.net [210.213.131.62]

  5    31 ms    32 ms    31 ms  210.213.131.69.static.pldt.net [210.213.131.69]

  6    33 ms    31 ms    32 ms  58.69.77.85.pldt.net [58.69.77.85]

Trace complete.
